[{"\u00e9quipe": "163", "score": 0, "commentaires": "<h3>R\u00e9sultat crit\u00e8re 3</h3><p>Votre programme n'a pas fonctionn\u00e9 durant la correction...</p>\n<p>Un premier test (<code>[]</code>) a \u00e9t\u00e9 effectu\u00e9 mais votre programme \u00e0 soulev\u00e9 une erreur.\nIl y a peut-\u00eatre une boucle infinie ou une erreur d'impl\u00e9mentation sur le fonctionnement basique.</p>\n<p>Votre erreur : <p>\n<pre>   File \"projet1.py\", line 62\n    def affichage:\n                 ^\nSyntaxError: invalid syntax\n</pre>\n"}, {"\u00e9quipe": "184", "score": 0, "commentaires": "<h3>R\u00e9sultat crit\u00e8re 3</h3><p>Votre programme n'a pas fonctionn\u00e9 durant la correction...</p>\n<p>Un premier test (<code>[]</code>) a \u00e9t\u00e9 effectu\u00e9 mais votre programme \u00e0 soulev\u00e9 une erreur.\nIl y a peut-\u00eatre une boucle infinie ou une erreur d'impl\u00e9mentation sur le fonctionnement basique.</p>\n<p>Votre erreur : <p>\n<pre>   File \"projet1.py\", line 52\n    return reponse\n    ^\nSyntaxError: 'return' outside function\n</pre>\n"}, {"\u00e9quipe": "144", "score": 0, "commentaires": "<h3>R\u00e9sultat crit\u00e8re 3</h3><p>Votre programme n'a pas fonctionn\u00e9 durant la correction...</p>\n<p>Un premier test (<code>[]</code>) a \u00e9t\u00e9 effectu\u00e9 mais votre programme \u00e0 soulev\u00e9 une erreur.\nIl y a peut-\u00eatre une boucle infinie ou une erreur d'impl\u00e9mentation sur le fonctionnement basique.</p>\n<p>Votre erreur : <p>\n<pre> Traceback (most recent call last):\n  File \"projet1.py\", line 90, in <module>\n    print([(str(DATE_DEBUT), LISTE_VALEURS[0]), (str(DATE_FIN), LISTE_VALEURS[-1])])\nIndexError: list index out of range\n</pre>\n"}, {"\u00e9quipe": "145", "score": 0, "commentaires": "<h3>R\u00e9sultat crit\u00e8re 3</h3><p>Votre programme n'a pas fonctionn\u00e9 durant la correction...</p>\n<p>Un premier test (<code>[]</code>) a \u00e9t\u00e9 effectu\u00e9 mais votre programme \u00e0 soulev\u00e9 une erreur.</p>\nIl y a peut-\u00eatre une boucle infinie ou une erreur d'impl\u00e9mentation sur le fonctionnement basique.</p>\n"}, {"\u00e9quipe": "146", "score": 0, "commentaires": "<h3>R\u00e9sultat crit\u00e8re 3</h3><p>Il n'y a pas de fichier projet1.py dans le dossier de votre bundle.</p>"}, {"\u00e9quipe": "147", "score": 0, "commentaires": "<h3>R\u00e9sultat crit\u00e8re 3</h3><p>Votre programme n'a pas fonctionn\u00e9 durant la correction...</p>\n<p>Un premier test (<code>[]</code>) a \u00e9t\u00e9 effectu\u00e9 mais votre programme \u00e0 soulev\u00e9 une erreur.\nIl y a peut-\u00eatre une boucle infinie ou une erreur d'impl\u00e9mentation sur le fonctionnement basique.</p>\n<p>Votre erreur : <p>\n<pre> Traceback (most recent call last):\n  File \"projet1.py\", line 109, in <module>\n    if response['Time Series (Daily)'].get(a) is not None:\nKeyError: 'Time Series (Daily)'\n</pre>\n"}, {"\u00e9quipe": "148", "score": 0, "commentaires": "<h3>R\u00e9sultat crit\u00e8re 3</h3><p>Votre programme n'a pas fonctionn\u00e9 durant la correction...</p>\n<p>Un premier test (<code>[]</code>) a \u00e9t\u00e9 effectu\u00e9 mais votre programme \u00e0 soulev\u00e9 une erreur.\nIl y a peut-\u00eatre une boucle infinie ou une erreur d'impl\u00e9mentation sur le fonctionnement basique.</p>\n<p>Votre erreur : <p>\n<pre> Traceback (most recent call last):\n  File \"projet1.py\", line 72, in <module>\n    print(bourse(i, args.valeur, args.debut, args.fin))\n  File \"projet1.py\", line 55, in bourse\n    for date in response['Time Series (Daily)']:\nKeyError: 'Time Series (Daily)'\n</pre>\n"}, {"\u00e9quipe": "149", "score": 0, "commentaires": "<h3>R\u00e9sultat crit\u00e8re 3</h3><p>Votre programme n'a pas fonctionn\u00e9 durant la correction...</p>\n<p>Un premier test (<code>[]</code>) a \u00e9t\u00e9 effectu\u00e9 mais votre programme \u00e0 soulev\u00e9 une erreur.\nIl y a peut-\u00eatre une boucle infinie ou une erreur d'impl\u00e9mentation sur le fonctionnement basique.</p>\n<p>Votre erreur : <p>\n<pre> Traceback (most recent call last):\n  File \"projet1.py\", line 78, in <module>\n    if date.strftime(\"%Y-%m-%d\") in RESPONSE['Time Series (Daily)']:\nKeyError: 'Time Series (Daily)'\n</pre>\n"}, {"\u00e9quipe": "150", "score": 0, "commentaires": "<h3>R\u00e9sultat crit\u00e8re 3</h3><p>Votre programme n'a pas fonctionn\u00e9 durant la correction...</p>\n<p>Un premier test (<code>[]</code>) a \u00e9t\u00e9 effectu\u00e9 mais votre programme \u00e0 soulev\u00e9 une erreur.</p>\nIl y a peut-\u00eatre une boucle infinie ou une erreur d'impl\u00e9mentation sur le fonctionnement basique.</p>\n"}, {"\u00e9quipe": "151", "score": 0, "commentaires": "<h3>R\u00e9sultat crit\u00e8re 3</h3><p>Votre programme n'a pas fonctionn\u00e9 durant la correction...</p>\n<p>Un premier test (<code>[]</code>) a \u00e9t\u00e9 effectu\u00e9 mais votre programme \u00e0 soulev\u00e9 une erreur.\nIl y a peut-\u00eatre une boucle infinie ou une erreur d'impl\u00e9mentation sur le fonctionnement basique.</p>\n<p>Votre erreur : <p>\n<pre> usage: projet1.py [-h] [-d DATE] [-f DATE]\n                  [-v {fermeture, ouverture, min, max, volume} valeur]\n                  symbol [symbol ...]\nprojet1.py: error: unrecognized arguments: -v=volume\n</pre>\n"}, {"\u00e9quipe": "152", "score": 0, "commentaires": "<h3>R\u00e9sultat crit\u00e8re 3</h3><p>Votre programme n'a pas fonctionn\u00e9 durant la correction...</p>\n<p>Un premier test (<code>[]</code>) a \u00e9t\u00e9 effectu\u00e9 mais votre programme \u00e0 soulev\u00e9 une erreur.</p>\nIl y a peut-\u00eatre une boucle infinie ou une erreur d'impl\u00e9mentation sur le fonctionnement basique.</p>\n"}, {"\u00e9quipe": "153", "score": 0, "commentaires": "<h3>R\u00e9sultat crit\u00e8re 3</h3><p>Il n'y a pas de fichier projet1.py dans le dossier de votre bundle.</p>"}, {"\u00e9quipe": "154", "score": 0, "commentaires": "<h3>R\u00e9sultat crit\u00e8re 3</h3><p>Votre programme n'a pas fonctionn\u00e9 durant la correction...</p>\n<p>Un premier test (<code>[]</code>) a \u00e9t\u00e9 effectu\u00e9 mais votre programme \u00e0 soulev\u00e9 une erreur.</p>\nIl y a peut-\u00eatre une boucle infinie ou une erreur d'impl\u00e9mentation sur le fonctionnement basique.</p>\n"}, {"\u00e9quipe": "155", "score": 0, "commentaires": "<h3>R\u00e9sultat crit\u00e8re 3</h3><p>Votre programme n'a pas fonctionn\u00e9 durant la correction...</p>\n<p>Un premier test (<code>[]</code>) a \u00e9t\u00e9 effectu\u00e9 mais votre programme \u00e0 soulev\u00e9 une erreur.\nIl y a peut-\u00eatre une boucle infinie ou une erreur d'impl\u00e9mentation sur le fonctionnement basique.</p>\n<p>Votre erreur : <p>\n<pre> Traceback (most recent call last):\n  File \"projet1.py\", line 80, in <module>\n    answer = para(k, TIMELAPSE_DAYS)\n  File \"projet1.py\", line 75, in para\n    demand = responsed['Time Series (Daily)']\nKeyError: 'Time Series (Daily)'\n</pre>\n"}, {"\u00e9quipe": "157", "score": 0, "commentaires": "<h3>R\u00e9sultat crit\u00e8re 3</h3><p>Votre programme n'a pas fonctionn\u00e9 durant la correction...</p>\n<p>Un premier test (<code>[]</code>) a \u00e9t\u00e9 effectu\u00e9 mais votre programme \u00e0 soulev\u00e9 une erreur.</p>\nIl y a peut-\u00eatre une boucle infinie ou une erreur d'impl\u00e9mentation sur le fonctionnement basique.</p>\n"}, {"\u00e9quipe": "159", "score": 0, "commentaires": "<h3>R\u00e9sultat crit\u00e8re 3</h3><p>Votre programme n'a pas fonctionn\u00e9 durant la correction...</p>\n<p>Un premier test (<code>[]</code>) a \u00e9t\u00e9 effectu\u00e9 mais votre programme \u00e0 soulev\u00e9 une erreur.</p>\nIl y a peut-\u00eatre une boucle infinie ou une erreur d'impl\u00e9mentation sur le fonctionnement basique.</p>\n"}, {"\u00e9quipe": "161", "score": 0, "commentaires": "<h3>R\u00e9sultat crit\u00e8re 3</h3><p>Votre programme n'a pas fonctionn\u00e9 durant la correction...</p>\n<p>Un premier test (<code>[]</code>) a \u00e9t\u00e9 effectu\u00e9 mais votre programme \u00e0 soulev\u00e9 une erreur.\nIl y a peut-\u00eatre une boucle infinie ou une erreur d'impl\u00e9mentation sur le fonctionnement basique.</p>\n<p>Votre erreur : <p>\n<pre> Traceback (most recent call last):\n  File \"projet1.py\", line 66, in <module>\n    openD = response['Time Series (Daily)'][debut]['1. open']\nKeyError: 'Time Series (Daily)'\n</pre>\n"}, {"\u00e9quipe": "162", "score": 0, "commentaires": "<h3>R\u00e9sultat crit\u00e8re 3</h3><p>Votre programme n'a pas fonctionn\u00e9 durant la correction...</p>\n<p>Un premier test (<code>[]</code>) a \u00e9t\u00e9 effectu\u00e9 mais votre programme \u00e0 soulev\u00e9 une erreur.</p>\nIl y a peut-\u00eatre une boucle infinie ou une erreur d'impl\u00e9mentation sur le fonctionnement basique.</p>\n"}, {"\u00e9quipe": "164", "score": 0, "commentaires": "<h3>R\u00e9sultat crit\u00e8re 3</h3><p>Votre programme n'a pas fonctionn\u00e9 durant la correction...</p>\n<p>Un premier test (<code>[]</code>) a \u00e9t\u00e9 effectu\u00e9 mais votre programme \u00e0 soulev\u00e9 une erreur.\nIl y a peut-\u00eatre une boucle infinie ou une erreur d'impl\u00e9mentation sur le fonctionnement basique.</p>\n<p>Votre erreur : <p>\n<pre> Traceback (most recent call last):\n  File \"projet1.py\", line 106, in <module>\n    formaterreponse(symbol, REPONSE, VALEUR, ARGS)\n  File \"projet1.py\", line 88, in formaterreponse\n    deuxiemeligne.append((datestr, response['Time Series (Daily)'][datestr][valeur]))\nKeyError: 'Time Series (Daily)'\n</pre>\n"}, {"\u00e9quipe": "166", "score": 0, "commentaires": "<h3>R\u00e9sultat crit\u00e8re 3</h3><p>Votre programme n'a pas fonctionn\u00e9 durant la correction...</p>\n<p>Un premier test (<code>[]</code>) a \u00e9t\u00e9 effectu\u00e9 mais votre programme \u00e0 soulev\u00e9 une erreur.\nIl y a peut-\u00eatre une boucle infinie ou une erreur d'impl\u00e9mentation sur le fonctionnement basique.</p>\n<p>Votre erreur : <p>\n<pre> Traceback (most recent call last):\n  File \"projet1.py\", line 112, in <module>\n    if (str(date1) in response['Time Series (Daily)']) is True:\nKeyError: 'Time Series (Daily)'\n</pre>\n"}, {"\u00e9quipe": "167", "score": 0, "commentaires": "<h3>R\u00e9sultat crit\u00e8re 3</h3><p>Votre programme n'a pas fonctionn\u00e9 durant la correction...</p>\n<p>Un premier test (<code>[]</code>) a \u00e9t\u00e9 effectu\u00e9 mais votre programme \u00e0 soulev\u00e9 une erreur.</p>\nIl y a peut-\u00eatre une boucle infinie ou une erreur d'impl\u00e9mentation sur le fonctionnement basique.</p>\n"}, {"\u00e9quipe": "168", "score": 0, "commentaires": "<h3>R\u00e9sultat crit\u00e8re 3</h3><p>Votre programme n'a pas fonctionn\u00e9 durant la correction...</p>\n<p>Un premier test (<code>[]</code>) a \u00e9t\u00e9 effectu\u00e9 mais votre programme \u00e0 soulev\u00e9 une erreur.</p>\nIl y a peut-\u00eatre une boucle infinie ou une erreur d'impl\u00e9mentation sur le fonctionnement basique.</p>\n"}, {"\u00e9quipe": "169", "score": 0, "commentaires": "<h3>R\u00e9sultat crit\u00e8re 3</h3><p>Votre programme n'a pas fonctionn\u00e9 durant la correction...</p>\n<p>Un premier test (<code>[]</code>) a \u00e9t\u00e9 effectu\u00e9 mais votre programme \u00e0 soulev\u00e9 une erreur.</p>\nIl y a peut-\u00eatre une boucle infinie ou une erreur d'impl\u00e9mentation sur le fonctionnement basique.</p>\n"}, {"\u00e9quipe": "170", "score": 0, "commentaires": "<h3>R\u00e9sultat crit\u00e8re 3</h3><p>Votre programme n'a pas fonctionn\u00e9 durant la correction...</p>\n<p>Un premier test (<code>[]</code>) a \u00e9t\u00e9 effectu\u00e9 mais votre programme \u00e0 soulev\u00e9 une erreur.\nIl y a peut-\u00eatre une boucle infinie ou une erreur d'impl\u00e9mentation sur le fonctionnement basique.</p>\n<p>Votre erreur : <p>\n<pre> Traceback (most recent call last):\n  File \"projet1.py\", line 84, in <module>\n    REP = parametre(i)\n  File \"projet1.py\", line 79, in parametre\n    rep_demand = response['Time Series (Daily)']\nKeyError: 'Time Series (Daily)'\n</pre>\n"}, {"\u00e9quipe": "171", "score": 0, "commentaires": "<h3>R\u00e9sultat crit\u00e8re 3</h3><p>Votre programme n'a pas fonctionn\u00e9 durant la correction...</p>\n<p>Un premier test (<code>[]</code>) a \u00e9t\u00e9 effectu\u00e9 mais votre programme \u00e0 soulev\u00e9 une erreur.\nIl y a peut-\u00eatre une boucle infinie ou une erreur d'impl\u00e9mentation sur le fonctionnement basique.</p>\n<p>Votre erreur : <p>\n<pre> Traceback (most recent call last):\n  File \"projet1.py\", line 11, in <module>\n    import pandas as  pd\nModuleNotFoundError: No module named 'pandas'\n</pre>\n"}, {"\u00e9quipe": "172", "score": 0, "commentaires": "<h3>R\u00e9sultat crit\u00e8re 3</h3><p>Votre programme n'a pas fonctionn\u00e9 durant la correction...</p>\n<p>Un premier test (<code>[]</code>) a \u00e9t\u00e9 effectu\u00e9 mais votre programme \u00e0 soulev\u00e9 une erreur.\nIl y a peut-\u00eatre une boucle infinie ou une erreur d'impl\u00e9mentation sur le fonctionnement basique.</p>\n<p>Votre erreur : <p>\n<pre> Traceback (most recent call last):\n  File \"projet1.py\", line 85, in <module>\n    sortie(OUVRE, FERME, SYMBOL)\n  File \"projet1.py\", line 65, in sortie\n    if str(listedate) in response['Time Series (Daily)']:\nKeyError: 'Time Series (Daily)'\n</pre>\n"}, {"\u00e9quipe": "173", "score": 0, "commentaires": "<h3>R\u00e9sultat crit\u00e8re 3</h3><p>Votre programme n'a pas fonctionn\u00e9 durant la correction...</p>\n<p>Un premier test (<code>[]</code>) a \u00e9t\u00e9 effectu\u00e9 mais votre programme \u00e0 soulev\u00e9 une erreur.\nIl y a peut-\u00eatre une boucle infinie ou une erreur d'impl\u00e9mentation sur le fonctionnement basique.</p>\n<p>Votre erreur : <p>\n<pre>   File \"Projet1.py\", line 69\n    elif args.valeur == 'volume'\n                               ^\nSyntaxError: invalid syntax\n</pre>\n"}, {"\u00e9quipe": "174", "score": 0, "commentaires": "<h3>R\u00e9sultat crit\u00e8re 3</h3><p>Votre programme n'a pas fonctionn\u00e9 durant la correction...</p>\n<p>Un premier test (<code>[]</code>) a \u00e9t\u00e9 effectu\u00e9 mais votre programme \u00e0 soulev\u00e9 une erreur.\nIl y a peut-\u00eatre une boucle infinie ou une erreur d'impl\u00e9mentation sur le fonctionnement basique.</p>\n<p>Votre erreur : <p>\n<pre>   File \"projet1.py\", line 41\n    for s in date.(\"-\"):\n                  ^\nSyntaxError: invalid syntax\n</pre>\n"}, {"\u00e9quipe": "175", "score": 0, "commentaires": "<h3>R\u00e9sultat crit\u00e8re 3</h3><p>Il n'y a pas de fichier projet1.py dans le dossier de votre bundle.</p>"}, {"\u00e9quipe": "178", "score": 0, "commentaires": "<h3>R\u00e9sultat crit\u00e8re 3</h3><p>Votre programme n'a pas fonctionn\u00e9 durant la correction...</p>\n<p>Un premier test (<code>[]</code>) a \u00e9t\u00e9 effectu\u00e9 mais votre programme \u00e0 soulev\u00e9 une erreur.\nIl y a peut-\u00eatre une boucle infinie ou une erreur d'impl\u00e9mentation sur le fonctionnement basique.</p>\n<p>Votre erreur : <p>\n<pre> Traceback (most recent call last):\n  File \"projet1.py\", line 79, in <module>\n    AFF = RESPONSE['Time Series (Daily)']['{}'.format(DATE)]\nKeyError: 'Time Series (Daily)'\n</pre>\n"}, {"\u00e9quipe": "179", "score": 0, "commentaires": "<h3>R\u00e9sultat crit\u00e8re 3</h3><p>Votre programme n'a pas fonctionn\u00e9 durant la correction...</p>\n<p>Un premier test (<code>[]</code>) a \u00e9t\u00e9 effectu\u00e9 mais votre programme \u00e0 soulev\u00e9 une erreur.\nIl y a peut-\u00eatre une boucle infinie ou une erreur d'impl\u00e9mentation sur le fonctionnement basique.</p>\n<p>Votre erreur : <p>\n<pre> Traceback (most recent call last):\n  File \"projet1.py\", line 70, in <module>\n    valeurjours()\n  File \"projet1.py\", line 62, in valeurjours\n    if response['Time Series (Daily)'].get(str(date1)) is not None:\nKeyError: 'Time Series (Daily)'\n</pre>\n"}, {"\u00e9quipe": "180", "score": 0, "commentaires": "<h3>R\u00e9sultat crit\u00e8re 3</h3><p>Votre programme n'a pas fonctionn\u00e9 durant la correction...</p>\n<p>Un premier test (<code>[]</code>) a \u00e9t\u00e9 effectu\u00e9 mais votre programme \u00e0 soulev\u00e9 une erreur.</p>\nIl y a peut-\u00eatre une boucle infinie ou une erreur d'impl\u00e9mentation sur le fonctionnement basique.</p>\n"}, {"\u00e9quipe": "181", "score": 73, "commentaires": "<h3>R\u00e9sultat crit\u00e8re 3</h3>"}, {"\u00e9quipe": "183", "score": 94, "commentaires": "<h3>R\u00e9sultat crit\u00e8re 3</h3>"}, {"\u00e9quipe": "185", "score": 0, "commentaires": "<h3>R\u00e9sultat crit\u00e8re 3</h3><p>Il n'y a pas de fichier projet1.py dans le dossier de votre bundle.</p>"}]